<?xml version="1.0" encoding="utf-8"?><testsuites name="pytest tests"><testsuite name="pytest" errors="0" failures="0" skipped="0" tests="18" time="27.001" timestamp="2026-07-23T15:52:49.133369+00:00" hostname="agent-env-b6f5e4ac-a56c-4239-b95c-efcb788de3a0"><testcase classname="tests.test_iteration2.TestWorkspaces" name="test_list_returns_personal" time="0.633" /><testcase classname="tests.test_iteration2.TestWorkspaces" name="test_legacy_repos_migrated" time="0.118" /><testcase classname="tests.test_iteration2.TestWorkspaces" name="test_create_workspace" time="0.363" /><testcase classname="tests.test_iteration2.TestWorkspaces" name="test_delete_personal_forbidden" time="0.115" /><testcase classname="tests.test_iteration2.TestInvites" name="test_create_invite" time="0.251" /><testcase classname="tests.test_iteration2.TestInvites" name="test_preview_no_auth" time="0.132" /><testcase classname="tests.test_iteration2.TestInvites" name="test_accept_as_new_user" time="0.616" /><testcase classname="tests.test_iteration2.TestInvites" name="test_promote_member_to_admin" time="0.261" /><testcase classname="tests.test_iteration2.TestInvites" name="test_non_owner_cannot_promote_to_owner" time="0.222" /><testcase classname="tests.test_iteration2.TestInvites" name="test_self_leave" time="0.101" /><testcase classname="tests.test_iteration2.TestInvites" name="test_remove_non_owner" time="0.379" /><testcase classname="tests.test_iteration2.TestInvites" name="test_delete_team_workspace" time="0.364" /><testcase classname="tests.test_iteration2.TestRepoWorkspaceImport" name="test_ready" time="2.080" /><testcase classname="tests.test_iteration2.TestRepoWorkspaceImport" name="test_scoped_list_by_workspace" time="0.497" /><testcase classname="tests.test_iteration2.TestRepoWorkspaceImport" name="test_list_all_workspaces" time="0.484" /><testcase classname="tests.test_iteration2.TestGraph" name="test_graph_module" time="0.336" /><testcase classname="tests.test_iteration2.TestGraph" name="test_graph_file" time="0.463" /><testcase classname="tests.test_iteration2.TestEmbeddingsSearch" name="test_search_mode_switches_to_embeddings" time="19.528" /></testsuite></testsuites>