<?xml version="1.0" encoding="utf-8"?><testsuites name="pytest tests"><testsuite name="pytest" errors="0" failures="1" skipped="0" tests="17" time="42.439" timestamp="2026-07-23T15:15:34.529150+00:00" hostname="agent-env-b6f5e4ac-a56c-4239-b95c-efcb788de3a0"><testcase classname="tests.backend_test.TestAuth" name="test_register_new_user" time="0.399"><failure message="AssertionError: assert 'test_f5e2860...codeganak.dev' == 'TEST_f5e2860...codeganak.dev'&#10;  &#10;  - TEST_f5e2860136@codeganak.dev&#10;  ? ^^^^&#10;  + test_f5e2860136@codeganak.dev&#10;  ? ^^^^">backend/tests/backend_test.py:72: in test_register_new_user
    assert data["user"]["email"] == email
E   AssertionError: assert 'test_f5e2860...codeganak.dev' == 'TEST_f5e2860...codeganak.dev'
E     
E     - TEST_f5e2860136@codeganak.dev
E     ? ^^^^
E     + test_f5e2860136@codeganak.dev
E     ? ^^^^</failure></testcase><testcase classname="tests.backend_test.TestRepositories" name="test_list_requires_auth" time="0.398" /><testcase classname="tests.backend_test.TestAuth" name="test_register_duplicate_email" time="0.145" /><testcase classname="tests.backend_test.TestAuth" name="test_login_success" time="0.541" /><testcase classname="tests.backend_test.TestAuth" name="test_login_invalid_password" time="0.437" /><testcase classname="tests.backend_test.TestAuth" name="test_me_with_token" time="0.508" /><testcase classname="tests.backend_test.TestAuth" name="test_me_without_token" time="0.154" /><testcase classname="tests.backend_test.TestRepositories" name="test_list_repos" time="2.425" /><testcase classname="tests.backend_test.TestRepositories" name="test_repo_indexed" time="0.174" /><testcase classname="tests.backend_test.TestRepositories" name="test_tree" time="0.105" /><testcase classname="tests.backend_test.TestRepositories" name="test_file_content" time="0.213" /><testcase classname="tests.backend_test" name="test_health" time="0.134" /><testcase classname="tests.backend_test.TestSearch" name="test_search_returns_results" time="0.115" /><testcase classname="tests.backend_test.TestChat" name="test_chat_sse_stream" time="12.092" /><testcase classname="tests.backend_test.TestChat" name="test_chat_history_persisted" time="0.135" /><testcase classname="tests.backend_test.TestZDocsAndDelete" name="test_generate_docs" time="27.067" /><testcase classname="tests.backend_test.TestZDocsAndDelete" name="test_delete_repo" time="0.378" /></testsuite></testsuites>